<?xml version="1.0" encoding="UTF-8"?>
<!-- Generated by org.testng.reporters.JUnitReportReporter -->
<testsuite hostname="DESKTOP-1TK4TSS" failures="0" tests="1" name="com.CRM.VTiger.CompaignandVendor.CreatetheCompaignandVerifyTest" time="23.551" errors="0" timestamp="2022-08-08T12:43:32 IST" skipped="0">
  <testcase classname="com.CRM.VTiger.CompaignandVendor.CreatetheCompaignandVerifyTest" name="createCompaignandVerify" time="23.551"/>
  <system-out/>
</testsuite> <!-- com.CRM.VTiger.CompaignandVendor.CreatetheCompaignandVerifyTest -->
