<?xml version="1.0" encoding="UTF-8"?>
<!-- Generated by org.testng.reporters.JUnitReportReporter -->
<testsuite hostname="DESKTOP-1TK4TSS" failures="0" tests="1" name="com.CRM.VTiger.Assets.CreateAssetsandVerifyTest" time="85.619" errors="0" timestamp="2022-08-09T13:24:16 IST" skipped="0">
  <testcase classname="com.CRM.VTiger.Assets.CreateAssetsandVerifyTest" name="createAssetadVerifyTest" time="85.619"/>
  <system-out/>
</testsuite> <!-- com.CRM.VTiger.Assets.CreateAssetsandVerifyTest -->
