<?xml version="1.0" encoding="UTF-8"?>
<!-- Generated by org.testng.reporters.JUnitReportReporter -->
<testsuite hostname="DESKTOP-1TK4TSS" failures="0" tests="1" name="com.CRM.VTiger.Organization.CreateOrgandSelectContactandVerifyTest" time="98.055" errors="0" timestamp="2022-08-12T15:10:18 IST" skipped="0">
  <testcase classname="com.CRM.VTiger.Organization.CreateOrgandSelectContactandVerifyTest" name="createOrganizationandVerify" time="98.055"/>
  <system-out/>
</testsuite> <!-- com.CRM.VTiger.Organization.CreateOrgandSelectContactandVerifyTest -->
