<?xml version="1.0" encoding="UTF-8"?>
<!-- Generated by org.testng.reporters.JUnitReportReporter -->
<testsuite hostname="DESKTOP-1TK4TSS" failures="0" tests="1" name="com.CRM.VTiger.Organization.CreateOrganizationandVerifyTest" time="118.481" errors="0" timestamp="2022-08-18T19:34:48 IST" skipped="0">
  <testcase classname="com.CRM.VTiger.Organization.CreateOrganizationandVerifyTest" name="createOrganizationandVerifyTest" time="118.481"/>
  <system-out/>
</testsuite> <!-- com.CRM.VTiger.Organization.CreateOrganizationandVerifyTest -->
